<?xml version="1.0" encoding="UTF-8"?>
<!-- Generated by org.testng.reporters.JUnitReportReporter -->
<testsuite hostname="LAPTOP-TUJV2E9D" failures="0" tests="13" name="runner.TestFeatureRunner" time="73.850" errors="0" timestamp="2023-09-09T20:34:31 IST" skipped="0">
  <testcase classname="runner.TestFeatureRunner" name="runScenario" time="6.679"/>
  <system-out/>
  <testcase classname="runner.TestFeatureRunner" name="runScenario" time="5.651"/>
  <system-out/>
  <testcase classname="runner.TestFeatureRunner" name="runScenario" time="6.365"/>
  <system-out/>
  <testcase classname="runner.TestFeatureRunner" name="runScenario" time="7.927"/>
  <system-out/>
  <testcase classname="runner.TestFeatureRunner" name="runScenario" time="5.571"/>
  <system-out/>
  <testcase classname="runner.TestFeatureRunner" name="runScenario" time="5.578"/>
  <system-out/>
  <testcase classname="runner.TestFeatureRunner" name="runScenario" time="3.887"/>
  <system-out/>
  <testcase classname="runner.TestFeatureRunner" name="runScenario" time="4.827"/>
  <system-out/>
  <testcase classname="runner.TestFeatureRunner" name="runScenario" time="5.654"/>
  <system-out/>
  <testcase classname="runner.TestFeatureRunner" name="runScenario" time="5.211"/>
  <system-out/>
  <testcase classname="runner.TestFeatureRunner" name="runScenario" time="2.924"/>
  <system-out/>
  <testcase classname="runner.TestFeatureRunner" name="runScenario" time="10.453"/>
  <system-out/>
  <testcase classname="runner.TestFeatureRunner" name="runScenario" time="3.123"/>
  <system-out/>
</testsuite> <!-- runner.TestFeatureRunner -->
