<?xml version="1.0" encoding="UTF-8"?>
<!-- Generated by org.testng.reporters.JUnitReportReporter -->
<testsuite hostname="LAPTOP-TUJV2E9D" failures="0" tests="13" name="tests.TestFeatureRunner" time="0.341" errors="0" timestamp="2023-08-26T00:32:06 IST" skipped="0">
  <testcase classname="tests.TestFeatureRunner" name="runScenario" time="0.011"/>
  <system-out/>
  <testcase classname="tests.TestFeatureRunner" name="runScenario" time="0.010"/>
  <system-out/>
  <testcase classname="tests.TestFeatureRunner" name="runScenario" time="0.020"/>
  <system-out/>
  <testcase classname="tests.TestFeatureRunner" name="runScenario" time="0.018"/>
  <system-out/>
  <testcase classname="tests.TestFeatureRunner" name="runScenario" time="0.018"/>
  <system-out/>
  <testcase classname="tests.TestFeatureRunner" name="runScenario" time="0.012"/>
  <system-out/>
  <testcase classname="tests.TestFeatureRunner" name="runScenario" time="0.009"/>
  <system-out/>
  <testcase classname="tests.TestFeatureRunner" name="runScenario" time="0.144"/>
  <system-out/>
  <testcase classname="tests.TestFeatureRunner" name="runScenario" time="0.033"/>
  <system-out/>
  <testcase classname="tests.TestFeatureRunner" name="runScenario" time="0.018"/>
  <system-out/>
  <testcase classname="tests.TestFeatureRunner" name="runScenario" time="0.015"/>
  <system-out/>
  <testcase classname="tests.TestFeatureRunner" name="runScenario" time="0.009"/>
  <system-out/>
  <testcase classname="tests.TestFeatureRunner" name="runScenario" time="0.024"/>
  <system-out/>
</testsuite> <!-- tests.TestFeatureRunner -->
