<?xml version="1.0" encoding="UTF-8"?>
<!-- Generated by org.testng.reporters.JUnitReportReporter -->
<testsuite hostname="LAPTOP-TUJV2E9D" failures="0" tests="13" name="tests.FeatureRunner" time="0.217" errors="0" timestamp="2023-08-25T19:00:54 IST" skipped="0">
  <testcase classname="tests.FeatureRunner" name="runScenario" time="0.094"/>
  <system-out/>
  <testcase classname="tests.FeatureRunner" name="runScenario" time="0.006"/>
  <system-out/>
  <testcase classname="tests.FeatureRunner" name="runScenario" time="0.027"/>
  <system-out/>
  <testcase classname="tests.FeatureRunner" name="runScenario" time="0.007"/>
  <system-out/>
  <testcase classname="tests.FeatureRunner" name="runScenario" time="0.017"/>
  <system-out/>
  <testcase classname="tests.FeatureRunner" name="runScenario" time="0.010"/>
  <system-out/>
  <testcase classname="tests.FeatureRunner" name="runScenario" time="0.012"/>
  <system-out/>
  <testcase classname="tests.FeatureRunner" name="runScenario" time="0.004"/>
  <system-out/>
  <testcase classname="tests.FeatureRunner" name="runScenario" time="0.015"/>
  <system-out/>
  <testcase classname="tests.FeatureRunner" name="runScenario" time="0.005"/>
  <system-out/>
  <testcase classname="tests.FeatureRunner" name="runScenario" time="0.007"/>
  <system-out/>
  <testcase classname="tests.FeatureRunner" name="runScenario" time="0.007"/>
  <system-out/>
  <testcase classname="tests.FeatureRunner" name="runScenario" time="0.006"/>
  <system-out/>
</testsuite> <!-- tests.FeatureRunner -->
